  Application.cpp
  Buffer.cpp
  GraphicsContext.cpp
  OrthographicCamera.cpp
  OrthographicCameraController.cpp
  Renderer.cpp
  Renderer2D.cpp
  Shader.cpp
  Texture.cpp
  VertexArray.cpp
  WindowsWindow.cpp
C:\Users\Stromel\Data\cpp\lynton\Lynton\src\Lynton\Renderer\Buffer.h(99,1): warning C4267: '=': conversion from 'size_t' to 'uint32_t', possible loss of data (compiling source file src\Lynton\Renderer\VertexArray.cpp)
C:\Users\Stromel\Data\cpp\lynton\Lynton\src\Lynton\Renderer\Buffer.h(101,1): warning C4267: '+=': conversion from 'size_t' to 'uint32_t', possible loss of data (compiling source file src\Lynton\Renderer\VertexArray.cpp)
C:\Users\Stromel\Data\cpp\lynton\Lynton\src\Lynton\Renderer\Buffer.h(99,1): warning C4267: '=': conversion from 'size_t' to 'uint32_t', possible loss of data (compiling source file src\Lynton\Renderer\Buffer.cpp)
C:\Users\Stromel\Data\cpp\lynton\Lynton\src\Lynton\Renderer\Buffer.h(101,1): warning C4267: '+=': conversion from 'size_t' to 'uint32_t', possible loss of data (compiling source file src\Lynton\Renderer\Buffer.cpp)
C:\Users\Stromel\Data\cpp\lynton\Lynton\src\Lynton\Renderer\Buffer.h(99,1): warning C4267: '=': conversion from 'size_t' to 'uint32_t', possible loss of data (compiling source file src\Lynton\Renderer\Texture.cpp)
C:\Users\Stromel\Data\cpp\lynton\Lynton\src\Lynton\Renderer\Buffer.h(101,1): warning C4267: '+=': conversion from 'size_t' to 'uint32_t', possible loss of data (compiling source file src\Lynton\Renderer\Texture.cpp)
C:\Users\Stromel\Data\cpp\lynton\Lynton\src\Lynton\Renderer\Buffer.h(99,1): warning C4267: '=': conversion from 'size_t' to 'uint32_t', possible loss of data (compiling source file src\Lynton\Renderer\Renderer.cpp)
C:\Users\Stromel\Data\cpp\lynton\Lynton\src\Lynton\Renderer\Buffer.h(101,1): warning C4267: '+=': conversion from 'size_t' to 'uint32_t', possible loss of data (compiling source file src\Lynton\Renderer\Renderer.cpp)
C:\Users\Stromel\Data\cpp\lynton\Lynton\src\Lynton\Renderer\Buffer.h(99,1): warning C4267: '=': conversion from 'size_t' to 'uint32_t', possible loss of data (compiling source file src\Lynton\Renderer\GraphicsContext.cpp)
C:\Users\Stromel\Data\cpp\lynton\Lynton\src\Lynton\Renderer\Buffer.h(101,1): warning C4267: '+=': conversion from 'size_t' to 'uint32_t', possible loss of data (compiling source file src\Lynton\Renderer\GraphicsContext.cpp)
C:\Users\Stromel\Data\cpp\lynton\Lynton\src\Lynton\Renderer\Buffer.h(99,1): warning C4267: '=': conversion from 'size_t' to 'uint32_t', possible loss of data (compiling source file src\Lynton\Renderer\Shader.cpp)
C:\Users\Stromel\Data\cpp\lynton\Lynton\src\Lynton\Renderer\Buffer.h(101,1): warning C4267: '+=': conversion from 'size_t' to 'uint32_t', possible loss of data (compiling source file src\Lynton\Renderer\Shader.cpp)
C:\Users\Stromel\Data\cpp\lynton\Lynton\src\Lynton\Renderer\Buffer.h(99,1): warning C4267: '=': conversion from 'size_t' to 'uint32_t', possible loss of data (compiling source file src\Lynton\Core\Application.cpp)
C:\Users\Stromel\Data\cpp\lynton\Lynton\src\Lynton\Renderer\Buffer.h(101,1): warning C4267: '+=': conversion from 'size_t' to 'uint32_t', possible loss of data (compiling source file src\Lynton\Core\Application.cpp)
C:\Users\Stromel\Data\cpp\lynton\Lynton\src\Lynton\Renderer\Buffer.h(99,1): warning C4267: '=': conversion from 'size_t' to 'uint32_t', possible loss of data (compiling source file src\Platform\Windows\WindowsWindow.cpp)
C:\Users\Stromel\Data\cpp\lynton\Lynton\src\Lynton\Renderer\Buffer.h(101,1): warning C4267: '+=': conversion from 'size_t' to 'uint32_t', possible loss of data (compiling source file src\Platform\Windows\WindowsWindow.cpp)
C:\Users\Stromel\Data\cpp\lynton\Lynton\src\Lynton\Renderer\Buffer.h(99,1): warning C4267: '=': conversion from 'size_t' to 'uint32_t', possible loss of data (compiling source file src\Lynton\Renderer\Renderer2D.cpp)
C:\Users\Stromel\Data\cpp\lynton\Lynton\src\Lynton\Renderer\Buffer.h(101,1): warning C4267: '+=': conversion from 'size_t' to 'uint32_t', possible loss of data (compiling source file src\Lynton\Renderer\Renderer2D.cpp)
C:\Users\Stromel\Data\cpp\lynton\Lynton\src\Lynton\Renderer\Renderer2D.cpp(129,22): warning C4244: 'initializing': conversion from '__int64' to 'uint32_t', possible loss of data
  Lynton.vcxproj -> C:\Users\Stromel\Data\cpp\lynton\Lynton\..\bin\Debug-windows-x86_64\Lynton\Lynton.lib
